<?xml version="1.0" encoding="UTF-8"?>
<!-- Generated by org.testng.reporters.JUnitReportReporter -->
<testsuite hostname="DESKTOP-J48D0NI" failures="0" tests="16" name="com.d365.testlayer.runRng" time="0.005" errors="1" timestamp="2025-02-13T17:15:56 IST" skipped="15">
  <testcase classname="com.d365.testlayer.runRng" name="checkDate" time="0.000">
    <skipped/>
  </testcase> <!-- checkDate -->
  <system-out/>
  <testcase classname="com.d365.testlayer.runRng" name="checkToggleButton" time="0.000">
    <skipped/>
  </testcase> <!-- checkToggleButton -->
  <system-out/>
  <testcase classname="com.d365.testlayer.runRng" name="addDiamond" time="0.000">
    <skipped/>
  </testcase> <!-- addDiamond -->
  <system-out/>
  <testcase classname="com.d365.testlayer.runRng" name="delete" time="0.000">
    <skipped/>
  </testcase> <!-- delete -->
  <system-out/>
  <testcase classname="com.d365.testlayer.runRng" name="validatePoststatus" time="0.000">
    <skipped/>
  </testcase> <!-- validatePoststatus -->
  <system-out/>
  <testcase classname="com.d365.testlayer.runRng" name="preSuiteHandler" time="0.005">
    <error message="Unresolved compilation problem: 
	The method startBrowser(String) in the type GenericHelper is not applicable for the arguments (ExtentTest, String)
" type="java.lang.Error">
      <![CDATA[java.lang.Error: Unresolved compilation problem: 
The method startBrowser(String) in the type GenericHelper is not applicable for the arguments (ExtentTest, String)

at com.d365.utils.MasterClass.preSuiteHandler(MasterClass.java:34)
at java.base/jdk.internal.reflect.NativeMethodAccessorImpl.invoke0(Native Method)
at java.base/jdk.internal.reflect.NativeMethodAccessorImpl.invoke(NativeMethodAccessorImpl.java:77)
at java.base/jdk.internal.reflect.DelegatingMethodAccessorImpl.invoke(DelegatingMethodAccessorImpl.java:43)
at java.base/java.lang.reflect.Method.invoke(Method.java:568)
at org.testng.internal.MethodInvocationHelper.invokeMethod(MethodInvocationHelper.java:133)
at org.testng.internal.MethodInvocationHelper.invokeMethodConsideringTimeout(MethodInvocationHelper.java:62)
at org.testng.internal.ConfigInvoker.invokeConfigurationMethod(ConfigInvoker.java:385)
at org.testng.internal.ConfigInvoker.invokeConfigurations(ConfigInvoker.java:321)
at org.testng.SuiteRunner.privateRun(SuiteRunner.java:317)
at org.testng.SuiteRunner.run(SuiteRunner.java:276)
at org.testng.SuiteRunnerWorker.runSuite(SuiteRunnerWorker.java:53)
at org.testng.SuiteRunnerWorker.run(SuiteRunnerWorker.java:96)
at org.testng.TestNG.runSuitesSequentially(TestNG.java:1212)
at org.testng.TestNG.runSuitesLocally(TestNG.java:1134)
at org.testng.TestNG.runSuites(TestNG.java:1063)
at org.testng.TestNG.run(TestNG.java:1031)
at org.testng.remote.AbstractRemoteTestNG.run(AbstractRemoteTestNG.java:115)
at org.testng.remote.RemoteTestNG.initAndRun(RemoteTestNG.java:293)
at org.testng.remote.RemoteTestNG.main(RemoteTestNG.java:91)
]]>
    </error>
  </testcase> <!-- preSuiteHandler -->
  <system-out/>
  <testcase classname="com.d365.testlayer.runRng" name="navigation" time="0.000">
    <skipped/>
  </testcase> <!-- navigation -->
  <system-out/>
  <testcase classname="com.d365.testlayer.runRng" name="multipleNegativeData" time="0.000">
    <skipped/>
  </testcase> <!-- multipleNegativeData -->
  <system-out/>
  <testcase classname="com.d365.testlayer.runRng" name="add" time="0.000">
    <skipped/>
  </testcase> <!-- add -->
  <system-out/>
  <testcase classname="com.d365.testlayer.runRng" name="addNegative" time="0.000">
    <skipped/>
  </testcase> <!-- addNegative -->
  <system-out/>
  <testcase classname="com.d365.testlayer.runRng" name="validate" time="0.000">
    <skipped/>
  </testcase> <!-- validate -->
  <system-out/>
  <testcase classname="com.d365.testlayer.runRng" name="validateQuantityPreTagHeader" time="0.000">
    <skipped/>
  </testcase> <!-- validateQuantityPreTagHeader -->
  <system-out/>
  <testcase classname="com.d365.testlayer.runRng" name="postCheck" time="0.000">
    <skipped/>
  </testcase> <!-- postCheck -->
  <system-out/>
  <testcase classname="com.d365.testlayer.runRng" name="multipleData" time="0.000">
    <skipped/>
  </testcase> <!-- multipleData -->
  <system-out/>
  <testcase classname="com.d365.testlayer.runRng" name="negativeTagQuantity" time="0.000">
    <skipped/>
  </testcase> <!-- negativeTagQuantity -->
  <system-out/>
  <testcase classname="com.d365.testlayer.runRng" name="addMultipleDiamond" time="0.000">
    <skipped/>
  </testcase> <!-- addMultipleDiamond -->
  <system-out/>
</testsuite> <!-- com.d365.testlayer.runRng -->
