<?xml version="1.0" encoding="UTF-8"?>
<!-- Generated by org.testng.reporters.JUnitReportReporter -->
<testsuite hostname="Amrieen" failures="0" tests="1" name="com.ts.testlayer.runBillTransaction" time="90.218" errors="0" timestamp="2024-01-24T20:16:29 IST" skipped="0">
  <testcase classname="com.ts.testlayer.runBillTransaction" name="TC_03" time="90.218"/>
</testsuite> <!-- com.ts.testlayer.runBillTransaction -->
