<?xml version="1.0" encoding="UTF-8"?>
<!-- Generated by org.testng.reporters.JUnitReportReporter -->
<testsuite hostname="DESKTOP-J48D0NI" failures="0" tests="34" name="com.d365.testlayer.RunReprintingOfLabel" time="3611.240" errors="0" timestamp="2025-03-26T18:53:57 IST" skipped="1">
  <testcase classname="com.d365.testlayer.RunReprintingOfLabel" name="withoutEnterSubsmith" time="40.098"/>
  <system-out/>
  <testcase classname="com.d365.testlayer.RunReprintingOfLabel" name="itemidMRPSterlingSilverFields" time="131.785"/>
  <system-out/>
  <testcase classname="com.d365.testlayer.RunReprintingOfLabel" name="negativeCertificateNo" time="287.557"/>
  <system-out/>
  <testcase classname="com.d365.testlayer.RunReprintingOfLabel" name="validateRateMRPSterlingSilver" time="50.868"/>
  <system-out/>
  <testcase classname="com.d365.testlayer.RunReprintingOfLabel" name="ornamentValidateField" time="29.618"/>
  <system-out/>
  <testcase classname="com.d365.testlayer.RunReprintingOfLabel" name="postRateMRPSterlingSilver" time="52.119"/>
  <system-out/>
  <testcase classname="com.d365.testlayer.RunReprintingOfLabel" name="addRateMRPSterlingSilver" time="216.073"/>
  <system-out/>
  <testcase classname="com.d365.testlayer.RunReprintingOfLabel" name="selectDropdownLocation" time="53.874"/>
  <system-out/>
  <testcase classname="com.d365.testlayer.RunReprintingOfLabel" name="attributeValidateFields" time="26.053"/>
  <system-out/>
  <testcase classname="com.d365.testlayer.RunReprintingOfLabel" name="post" time="43.553"/>
  <system-out/>
  <testcase classname="com.d365.testlayer.RunReprintingOfLabel" name="addHmPcs" time="77.921"/>
  <system-out/>
  <testcase classname="com.d365.testlayer.RunReprintingOfLabel" name="addSize" time="58.211"/>
  <system-out/>
  <testcase classname="com.d365.testlayer.RunReprintingOfLabel" name="negativeRateMRPSterlingSilver" time="220.120"/>
  <system-out/>
  <testcase classname="com.d365.testlayer.RunReprintingOfLabel" name="rateOrnamentFields" time="28.555"/>
  <system-out/>
  <testcase classname="com.d365.testlayer.RunReprintingOfLabel" name="validateSingleSelectionDropdownLocation" time="39.495"/>
  <system-out/>
  <testcase classname="com.d365.testlayer.RunReprintingOfLabel" name="validateF" time="43.237"/>
  <system-out/>
  <testcase classname="com.d365.testlayer.RunReprintingOfLabel" name="negativeOrnament" time="306.591"/>
  <system-out/>
  <testcase classname="com.d365.testlayer.RunReprintingOfLabel" name="validate" time="74.531"/>
  <system-out/>
  <testcase classname="com.d365.testlayer.RunReprintingOfLabel" name="negativeHmPcs" time="348.778"/>
  <system-out/>
  <testcase classname="com.d365.testlayer.RunReprintingOfLabel" name="negativeRateOrnament" time="219.823"/>
  <system-out/>
  <testcase classname="com.d365.testlayer.RunReprintingOfLabel" name="itemidOrnamentFields" time="31.573"/>
  <system-out/>
  <testcase classname="com.d365.testlayer.RunReprintingOfLabel" name="negativeCollectionCode" time="258.812"/>
  <system-out/>
  <testcase classname="com.d365.testlayer.RunReprintingOfLabel" name="negativeDesignCode" time="262.721"/>
  <system-out/>
  <testcase classname="com.d365.testlayer.RunReprintingOfLabel" name="negativeSubsmith" time="172.488"/>
  <system-out/>
  <testcase classname="com.d365.testlayer.RunReprintingOfLabel" name="validateRepritingdropdownList" time="27.677"/>
  <system-out/>
  <testcase classname="com.d365.testlayer.RunReprintingOfLabel" name="postDesigncode" time="52.285"/>
  <system-out/>
  <testcase classname="com.d365.testlayer.RunReprintingOfLabel" name="addRateOrnament" time="87.901"/>
  <system-out/>
  <testcase classname="com.d365.testlayer.RunReprintingOfLabel" name="validateDeisgnCode" time="104.499"/>
  <system-out/>
  <testcase classname="com.d365.testlayer.RunReprintingOfLabel" name="PostF" time="49.351"/>
  <system-out/>
  <testcase classname="com.d365.testlayer.RunReprintingOfLabel" name="validateHmPcs" time="49.893"/>
  <system-out/>
  <testcase classname="com.d365.testlayer.RunReprintingOfLabel" name="addCollectionCode" time="78.681"/>
  <system-out/>
  <testcase classname="com.d365.testlayer.RunReprintingOfLabel" name="validateAttributeChangeDropdownList" time="31.218"/>
  <system-out/>
  <testcase classname="com.d365.testlayer.RunReprintingOfLabel" name="changeSubsmith" time="55.281"/>
  <system-out/>
  <testcase classname="com.d365.testlayer.RunReprintingOfLabel" name="editCategory">
    <skipped/>
  </testcase> <!-- editCategory -->
  <system-out/>
</testsuite> <!-- com.d365.testlayer.RunReprintingOfLabel -->
