<?xml version="1.0" encoding="UTF-8"?>
<!-- Generated by org.testng.reporters.JUnitReportReporter -->
<testsuite hostname="DESKTOP-J48D0NI" failures="0" tests="1" name="com.d365.testlayer.RunPDCReport" time="41.605" errors="0" timestamp="2025-03-21T15:08:29 IST" skipped="0">
  <testcase classname="com.d365.testlayer.RunPDCReport" name="validatePdcReport" time="41.605"/>
  <system-out/>
</testsuite> <!-- com.d365.testlayer.RunPDCReport -->
