<?xml version="1.0" encoding="UTF-8"?>
<!-- Generated by org.testng.reporters.JUnitReportReporter -->
<testsuite hostname="DESKTOP-J48D0NI" failures="0" tests="1" name="com.d365.testlayer.runOfflineTagging" time="224.483" errors="0" timestamp="2024-12-02T20:10:15 IST" skipped="0">
  <testcase classname="com.d365.testlayer.runOfflineTagging" name="verifyOfflineTagging" time="224.483"/>
  <system-out/>
</testsuite> <!-- com.d365.testlayer.runOfflineTagging -->
