<?xml version="1.0" encoding="UTF-8"?>
<!-- Generated by org.testng.reporters.JUnitReportReporter -->
<testsuite hostname="DESKTOP-J48D0NI" failures="0" tests="1" name="com.d365.testlayer.runAllSalesOrderLot" time="2280.315" errors="0" timestamp="2024-12-29T19:32:06 IST" skipped="0">
  <testcase classname="com.d365.testlayer.runAllSalesOrderLot" name="checkLotTagProcess" time="2280.315"/>
  <system-out/>
</testsuite> <!-- com.d365.testlayer.runAllSalesOrderLot -->
