<?xml version="1.0" encoding="UTF-8"?>
<!-- Generated by org.testng.reporters.JUnitReportReporter -->
<testsuite hostname="DESKTOP-J48D0NI" failures="0" tests="6" name="com.d365.testlayer.runItemTypeMaster" time="1375.956" errors="0" timestamp="2025-03-26T19:35:02 IST" skipped="0">
  <testcase classname="com.d365.testlayer.runItemTypeMaster" name="deleteData" time="32.657"/>
  <system-out/>
  <testcase classname="com.d365.testlayer.runItemTypeMaster" name="verifySelectionOfHMItem" time="360.350"/>
  <system-out/>
  <testcase classname="com.d365.testlayer.runItemTypeMaster" name="verifyNavigationItemMaster" time="59.156"/>
  <system-out/>
  <testcase classname="com.d365.testlayer.runItemTypeMaster" name="addHMInItemMaster" time="311.060"/>
  <system-out/>
  <testcase classname="com.d365.testlayer.runItemTypeMaster" name="verifyEditableOrNotHMItem" time="363.839"/>
  <system-out/>
  <testcase classname="com.d365.testlayer.runItemTypeMaster" name="validateInvalideHmItem" time="248.894"/>
  <system-out/>
</testsuite> <!-- com.d365.testlayer.runItemTypeMaster -->
