<?xml version="1.0" encoding="UTF-8"?>
<!-- Generated by org.testng.reporters.JUnitReportReporter -->
<testsuite hostname="DESKTOP-J48D0NI" failures="0" tests="4" name="com.d365.testlayer.RunBatchRegistration" time="3666.764" errors="0" timestamp="2025-03-13T16:11:36 IST" skipped="0">
  <testcase classname="com.d365.testlayer.RunBatchRegistration" name="verifyWithoutEnterMakingItemNo" time="1028.482"/>
  <system-out/>
  <testcase classname="com.d365.testlayer.RunBatchRegistration" name="verifyMakingItemNo" time="902.418"/>
  <system-out/>
  <testcase classname="com.d365.testlayer.RunBatchRegistration" name="validateMakingItemNoEditableOrNot" time="836.085"/>
  <system-out/>
  <testcase classname="com.d365.testlayer.RunBatchRegistration" name="validatePmcDataValue" time="899.779"/>
  <system-out/>
</testsuite> <!-- com.d365.testlayer.RunBatchRegistration -->
