<?xml version="1.0" encoding="UTF-8"?>
<!-- Generated by org.testng.reporters.JUnitReportReporter -->
<testsuite hostname="DESKTOP-J48D0NI" failures="0" tests="24" name="com.d365.testlayer.TestReprintingOfLabel" time="3295.777" errors="0" timestamp="2025-03-13T14:39:15 IST" skipped="1">
  <testcase classname="com.d365.testlayer.TestReprintingOfLabel" name="postDesigncode" time="85.394"/>
  <system-out/>
  <testcase classname="com.d365.testlayer.TestReprintingOfLabel" name="PostF" time="83.716"/>
  <system-out/>
  <testcase classname="com.d365.testlayer.TestReprintingOfLabel" name="ornamentValidateField" time="30.000"/>
  <system-out/>
  <testcase classname="com.d365.testlayer.TestReprintingOfLabel" name="validateSingleSelectionDropdownLocation" time="53.592"/>
  <system-out/>
  <testcase classname="com.d365.testlayer.TestReprintingOfLabel" name="validate" time="136.100"/>
  <system-out/>
  <testcase classname="com.d365.testlayer.TestReprintingOfLabel" name="withoutEnterSubsmith" time="58.825"/>
  <system-out/>
  <testcase classname="com.d365.testlayer.TestReprintingOfLabel" name="addSize" time="76.672"/>
  <system-out/>
  <testcase classname="com.d365.testlayer.TestReprintingOfLabel" name="attributeValidateFields" time="25.692"/>
  <system-out/>
  <testcase classname="com.d365.testlayer.TestReprintingOfLabel" name="negativeCertificateNo" time="316.184"/>
  <system-out/>
  <testcase classname="com.d365.testlayer.TestReprintingOfLabel" name="negativeHmPcs" time="431.738"/>
  <system-out/>
  <testcase classname="com.d365.testlayer.TestReprintingOfLabel" name="addHmPcs" time="77.263"/>
  <system-out/>
  <testcase classname="com.d365.testlayer.TestReprintingOfLabel" name="negativeDesignCode" time="332.376"/>
  <system-out/>
  <testcase classname="com.d365.testlayer.TestReprintingOfLabel" name="post" time="88.825"/>
  <system-out/>
  <testcase classname="com.d365.testlayer.TestReprintingOfLabel" name="validateF" time="55.446"/>
  <system-out/>
  <testcase classname="com.d365.testlayer.TestReprintingOfLabel" name="validateDeisgnCode" time="63.331"/>
  <system-out/>
  <testcase classname="com.d365.testlayer.TestReprintingOfLabel" name="changeSubsmith" time="66.810"/>
  <system-out/>
  <testcase classname="com.d365.testlayer.TestReprintingOfLabel" name="addCollectionCode" time="77.356"/>
  <system-out/>
  <testcase classname="com.d365.testlayer.TestReprintingOfLabel" name="addRateOrnament" time="76.666"/>
  <system-out/>
  <testcase classname="com.d365.testlayer.TestReprintingOfLabel" name="validateHmPcs" time="53.922"/>
  <system-out/>
  <testcase classname="com.d365.testlayer.TestReprintingOfLabel" name="selectDropdownLocation" time="53.633"/>
  <system-out/>
  <testcase classname="com.d365.testlayer.TestReprintingOfLabel" name="negativeCollectionCode" time="353.552"/>
  <system-out/>
  <testcase classname="com.d365.testlayer.TestReprintingOfLabel" name="negativeOrnament" time="430.434"/>
  <system-out/>
  <testcase classname="com.d365.testlayer.TestReprintingOfLabel" name="negativeSubsmith" time="268.250"/>
  <system-out/>
  <testcase classname="com.d365.testlayer.TestReprintingOfLabel" name="editCategory">
    <skipped/>
  </testcase> <!-- editCategory -->
  <system-out/>
</testsuite> <!-- com.d365.testlayer.TestReprintingOfLabel -->
