<?xml version="1.0" encoding="UTF-8"?>
<!-- Generated by org.testng.reporters.JUnitReportReporter -->
<testsuite hostname="Amrieen" failures="0" tests="1" name="com.util.CountryMaster" time="36.916" errors="0" timestamp="2024-01-09T17:16:46 IST" skipped="0">
  <testcase classname="com.util.CountryMaster" name="addCounty" time="36.916"/>
</testsuite> <!-- com.util.CountryMaster -->
