<?xml version="1.0" encoding="UTF-8"?>
<!-- Generated by org.testng.reporters.JUnitReportReporter -->
<testsuite hostname="DESKTOP-J48D0NI" failures="0" tests="1" name="com.d365.testlayer.RunTransferOrderReceipt" time="210.149" errors="0" timestamp="2025-04-15T15:14:05 IST" skipped="0">
  <testcase classname="com.d365.testlayer.RunTransferOrderReceipt" name="negativeNoOfBoxesField" time="210.149"/>
  <system-out/>
</testsuite> <!-- com.d365.testlayer.RunTransferOrderReceipt -->
