<?xml version="1.0" encoding="UTF-8"?>
<!-- Generated by org.testng.reporters.JUnitReportReporter -->
<testsuite hostname="DESKTOP-J48D0NI" failures="0" tests="1" name="com.d365.testlayer.runCusOrder" time="419.689" errors="0" timestamp="2025-01-12T12:45:09 IST" skipped="0">
  <testcase classname="com.d365.testlayer.runCusOrder" name="addCustomerData" time="419.689"/>
  <system-out/>
</testsuite> <!-- com.d365.testlayer.runCusOrder -->
