<?xml version="1.0" encoding="UTF-8"?>
<!-- Generated by org.testng.reporters.JUnitReportReporter -->
<testsuite hostname="DESKTOP-J48D0NI" failures="0" tests="3" name="com.d365.testlayer.RunBatchRegistration" time="2652.395" errors="0" timestamp="2025-03-27T15:19:12 IST" skipped="0">
  <testcase classname="com.d365.testlayer.RunBatchRegistration" name="validateMakingItemNoEditableOrNot" time="836.922"/>
  <system-out/>
  <testcase classname="com.d365.testlayer.RunBatchRegistration" name="verifyWithoutEnterMakingItemNo" time="876.060"/>
  <system-out/>
  <testcase classname="com.d365.testlayer.RunBatchRegistration" name="validatePmcDataValue" time="939.413"/>
  <system-out/>
</testsuite> <!-- com.d365.testlayer.RunBatchRegistration -->
