<?xml version="1.0" encoding="UTF-8"?>
<!-- Generated by org.testng.reporters.JUnitReportReporter -->
<testsuite hostname="Amrieen" failures="0" tests="2" name="com.qa.testlayer.module.runCountryMaster" time="129.865" errors="0" timestamp="2024-01-13T13:57:02 IST" skipped="0">
  <testcase classname="com.qa.testlayer.module.runCountryMaster" name="TC_01" time="65.544"/>
  <testcase classname="com.qa.testlayer.module.runCountryMaster" name="TC_02" time="64.321"/>
</testsuite> <!-- com.qa.testlayer.module.runCountryMaster -->
