<?xml version="1.0" encoding="UTF-8"?>
<!-- Generated by org.testng.reporters.JUnitReportReporter -->
<testsuite hostname="Amrieen" failures="0" tests="1" name="com.ts.testlayer.runApprovalSetting" time="459.319" errors="0" timestamp="2024-01-23T20:16:57 IST" skipped="0">
  <testcase classname="com.ts.testlayer.runApprovalSetting" name="TC_01" time="459.319"/>
</testsuite> <!-- com.ts.testlayer.runApprovalSetting -->
