<?xml version="1.0" encoding="UTF-8"?>
<!-- Generated by org.testng.reporters.JUnitReportReporter -->
<testsuite hostname="Amrieen" failures="0" tests="1" name="com.ts.testlayer.runBillTypeMaster" time="319.556" errors="0" timestamp="2024-01-26T18:11:36 IST" skipped="0">
  <testcase classname="com.ts.testlayer.runBillTypeMaster" name="TC_01" time="319.556"/>
</testsuite> <!-- com.ts.testlayer.runBillTypeMaster -->
