<?xml version="1.0" encoding="UTF-8"?>
<!-- Generated by org.testng.reporters.JUnitReportReporter -->
<testsuite hostname="Amrieen" failures="0" tests="1" name="com.base.BaseClass" time="6.119" errors="0" timestamp="2024-01-09T16:45:29 IST" skipped="0">
  <testcase classname="com.base.BaseClass" name="add" time="6.119"/>
</testsuite> <!-- com.base.BaseClass -->
