<?xml version="1.0" encoding="UTF-8"?>
<!-- Generated by org.testng.reporters.JUnitReportReporter -->
<testsuite hostname="DESKTOP-J48D0NI" failures="0" tests="1" name="com.d365.testlayer.RunTransferReceipt" time="231.873" errors="0" timestamp="2025-04-14T20:30:27 IST" skipped="0">
  <testcase classname="com.d365.testlayer.RunTransferReceipt" name="negativeTransferReceipt" time="231.873"/>
  <system-out/>
</testsuite> <!-- com.d365.testlayer.RunTransferReceipt -->
