<?xml version="1.0" encoding="UTF-8"?>
<!-- Generated by org.testng.reporters.JUnitReportReporter -->
<testsuite hostname="DESKTOP-J48D0NI" failures="0" tests="1" name="com.d365.testlayer.runCustomerOrderRepairTest" time="555.740" errors="0" timestamp="2025-02-07T16:48:24 IST" skipped="0">
  <testcase classname="com.d365.testlayer.runCustomerOrderRepairTest" name="checkValueCustomerRepairLines" time="555.740"/>
  <system-out/>
</testsuite> <!-- com.d365.testlayer.runCustomerOrderRepairTest -->
